The target system is: Generic - 4.0.99 - arm
The host system is: Linux - 6.8.0-48-generic - x86_64
Compiling the C compiler identification source file "CMakeCCompilerId.c" succeeded.
Compiler: /home/a-fleloir/zephyr-sdk-0.17.0/arm-zephyr-eabi/bin/arm-zephyr-eabi-gcc 
Build flags: 
Id flags: -c 

The output was:
0


Compilation of the C compiler identification source "CMakeCCompilerId.c" produced "CMakeCCompilerId.o"

The C compiler identification is GNU, found in "/home/a-fleloir/zephyrproject/application_user/openamp_rsc_table/build/CMakeFiles/3.22.1/CompilerIdC/CMakeCCompilerId.o"

Compiling the CXX compiler identification source file "CMakeCXXCompilerId.cpp" succeeded.
Compiler: /home/a-fleloir/zephyr-sdk-0.17.0/arm-zephyr-eabi/bin/arm-zephyr-eabi-g++ 
Build flags: 
Id flags: -c 

The output was:
0


Compilation of the CXX compiler identification source "CMakeCXXCompilerId.cpp" produced "CMakeCXXCompilerId.o"

The CXX compiler identification is GNU, found in "/home/a-fleloir/zephyrproject/application_user/openamp_rsc_table/build/CMakeFiles/3.22.1/CompilerIdCXX/CMakeCXXCompilerId.o"

Checking whether the ASM compiler is GNU using "--version" matched "(GNU assembler)|(GCC)|(Free Software Foundation)":
arm-zephyr-eabi-gcc (Zephyr SDK 0.17.0) 12.2.0
Copyright (C) 2022 Free Software Foundation, Inc.
This is free software; see the source for copying conditions.  There is NO
warranty; not even for MERCHANTABILITY or FITNESS FOR A PARTICULAR PURPOSE.

Performing C SOURCE FILE Test check_fmacro_prefix_map__home_a_fleloir_zephyrproject_application_user_openamp_rsc_table_CMAKE_SOURCE_DIR_C__nostartfiles__nostdlib__isystem___home_a_fleloir_zephyr_sdk_0_17_0_arm_zephyr_eabi_bin____lib_gcc_arm_zephyr_eabi_12_2_0_include___isystem___home_a_fleloir_zephyr_sdk_0_17_0_arm_zephyr_eabi_bin____lib_gcc_arm_zephyr_eabi_12_2_0_include_fixed___Wl___unresolved_symbols_ignore_in_object_files__Wl___entry_0__fuse_ld_bfd succeeded with the following output:
Change Dir: /home/a-fleloir/zephyrproject/application_user/openamp_rsc_table/build/CMakeFiles/CMakeTmp

Run Build Command(s):/usr/bin/ninja cmTC_9ee5a && [1/2] Building C object CMakeFiles/cmTC_9ee5a.dir/src.c.obj
[2/2] Linking C executable cmTC_9ee5a


Source file was:
int main(void) { return 0; }
Determining if files stdatomic.h exist passed with the following output:
Change Dir: /home/a-fleloir/zephyrproject/application_user/openamp_rsc_table/build/CMakeFiles/CMakeTmp

Run Build Command(s):/usr/bin/ninja cmTC_70b6b && [1/2] Building C object CMakeFiles/cmTC_70b6b.dir/HAVE_STDATOMIC_H.c.obj
[2/2] Linking C executable cmTC_70b6b
arm-zephyr-eabi-gcc: warning: CMakeFiles/cmTC_70b6b.dir/HAVE_STDATOMIC_H.c.obj: linker input file unused because linking not done



Determining if files fcntl.h exist passed with the following output:
Change Dir: /home/a-fleloir/zephyrproject/application_user/openamp_rsc_table/build/CMakeFiles/CMakeTmp

Run Build Command(s):/usr/bin/ninja cmTC_c4fc8 && [1/2] Building C object CMakeFiles/cmTC_c4fc8.dir/HAVE_FCNTL_H.c.obj
[2/2] Linking C executable cmTC_c4fc8
arm-zephyr-eabi-gcc: warning: CMakeFiles/cmTC_c4fc8.dir/HAVE_FCNTL_H.c.obj: linker input file unused because linking not done



